CRITICAL - 2024-06-15 16:15:55 --> ErrorException: Cannot redeclare Config\Filters::$aliases
[Method: GET, Route: register]
in APPPATH\Config\Filters.php on line 107.
 1 [internal function]: CodeIgniter\Debug\Exceptions->shutdownHandler()
CRITICAL - 2024-06-15 16:15:56 --> ErrorException: Cannot redeclare Config\Filters::$aliases
[Method: GET, Route: /]
in APPPATH\Config\Filters.php on line 107.
 1 [internal function]: CodeIgniter\Debug\Exceptions->shutdownHandler()
CRITICAL - 2024-06-15 16:15:58 --> ErrorException: Cannot redeclare Config\Filters::$aliases
[Method: GET, Route: /]
in APPPATH\Config\Filters.php on line 107.
 1 [internal function]: CodeIgniter\Debug\Exceptions->shutdownHandler()
CRITICAL - 2024-06-15 16:16:00 --> ErrorException: Cannot redeclare Config\Filters::$aliases
[Method: GET, Route: /]
in APPPATH\Config\Filters.php on line 107.
 1 [internal function]: CodeIgniter\Debug\Exceptions->shutdownHandler()
CRITICAL - 2024-06-15 16:16:06 --> ErrorException: Cannot redeclare Config\Filters::$aliases
[Method: GET, Route: /]
in APPPATH\Config\Filters.php on line 107.
 1 [internal function]: CodeIgniter\Debug\Exceptions->shutdownHandler()
CRITICAL - 2024-06-15 16:16:34 --> ErrorException: Cannot redeclare Config\Filters::$aliases
[Method: GET, Route: /]
in APPPATH\Config\Filters.php on line 107.
 1 [internal function]: CodeIgniter\Debug\Exceptions->shutdownHandler()
CRITICAL - 2024-06-15 16:16:35 --> ErrorException: Cannot redeclare Config\Filters::$aliases
[Method: GET, Route: /]
in APPPATH\Config\Filters.php on line 107.
 1 [internal function]: CodeIgniter\Debug\Exceptions->shutdownHandler()
CRITICAL - 2024-06-15 16:16:36 --> ErrorException: Cannot redeclare Config\Filters::$aliases
[Method: GET, Route: /]
in APPPATH\Config\Filters.php on line 107.
 1 [internal function]: CodeIgniter\Debug\Exceptions->shutdownHandler()
CRITICAL - 2024-06-15 16:16:36 --> ErrorException: Cannot redeclare Config\Filters::$aliases
[Method: GET, Route: /]
in APPPATH\Config\Filters.php on line 107.
 1 [internal function]: CodeIgniter\Debug\Exceptions->shutdownHandler()
CRITICAL - 2024-06-15 16:16:38 --> ErrorException: Cannot redeclare Config\Filters::$aliases
[Method: GET, Route: /]
in APPPATH\Config\Filters.php on line 107.
 1 [internal function]: CodeIgniter\Debug\Exceptions->shutdownHandler()
CRITICAL - 2024-06-15 16:16:50 --> ErrorException: Cannot redeclare Config\Filters::$aliases
[Method: GET, Route: /]
in APPPATH\Config\Filters.php on line 107.
 1 [internal function]: CodeIgniter\Debug\Exceptions->shutdownHandler()
CRITICAL - 2024-06-15 16:16:51 --> ErrorException: Cannot redeclare Config\Filters::$aliases
[Method: GET, Route: /]
in APPPATH\Config\Filters.php on line 107.
 1 [internal function]: CodeIgniter\Debug\Exceptions->shutdownHandler()
CRITICAL - 2024-06-15 16:17:03 --> ErrorException: Cannot redeclare Config\Filters::$aliases
[Method: GET, Route: /]
in APPPATH\Config\Filters.php on line 107.
 1 [internal function]: CodeIgniter\Debug\Exceptions->shutdownHandler()
CRITICAL - 2024-06-15 16:17:04 --> ErrorException: Cannot redeclare Config\Filters::$aliases
[Method: GET, Route: /]
in APPPATH\Config\Filters.php on line 107.
 1 [internal function]: CodeIgniter\Debug\Exceptions->shutdownHandler()
CRITICAL - 2024-06-15 16:17:04 --> ErrorException: Cannot redeclare Config\Filters::$aliases
[Method: GET, Route: /]
in APPPATH\Config\Filters.php on line 107.
 1 [internal function]: CodeIgniter\Debug\Exceptions->shutdownHandler()
CRITICAL - 2024-06-15 16:17:09 --> ErrorException: Cannot redeclare Config\Filters::$aliases
[Method: GET, Route: /]
in APPPATH\Config\Filters.php on line 107.
 1 [internal function]: CodeIgniter\Debug\Exceptions->shutdownHandler()
CRITICAL - 2024-06-15 16:18:50 --> ErrorException: Cannot redeclare Config\Filters::$aliases
[Method: GET, Route: /]
in APPPATH\Config\Filters.php on line 107.
 1 [internal function]: CodeIgniter\Debug\Exceptions->shutdownHandler()
CRITICAL - 2024-06-15 16:18:52 --> ErrorException: Cannot redeclare Config\Filters::$aliases
[Method: GET, Route: /]
in APPPATH\Config\Filters.php on line 107.
 1 [internal function]: CodeIgniter\Debug\Exceptions->shutdownHandler()
